<?xml version="1.0" encoding="UTF-8"?>
<!-- Generated by org.testng.reporters.JUnitReportReporter -->
<testsuite skipped="0" hostname="Nimesh81" name="com.orangehrmlive.demo.testsuite.LoginPageTest" tests="1" failures="0" timestamp="2022-12-13T23:04:32 GMT" time="7.059" errors="0">
  <testcase name="userShouldNavigateToForgotPasswordPageSuccessfully" time="7.059" classname="com.orangehrmlive.demo.testsuite.LoginPageTest"/>
  <system-out>
    <![CDATA[Forgotyourpassword[[ChromeDriver: chrome on WINDOWS (16c6d895ad108049db3826b00d5c7fa1)] -> xpath: //body/div[@id='app']/div[1]/div[1]/div[1]/div[1]/div[2]/div[2]/form[1]/div[4]/p[1]]]]>
  </system-out>
</testsuite> <!-- com.orangehrmlive.demo.testsuite.LoginPageTest -->
